[2024-09-23 23:40:43] local.INFO: select * from `sessions` where `id` = ? limit 1  
[2024-09-23 23:40:43] local.INFO: array (
  0 => 'DRym4OlgVXjuZmhNRDKoUevL8Q36zZrkDOc6lWfH',
)  
[2024-09-23 23:40:43] local.INFO: 1527.16  
[2024-09-23 23:40:43] local.INFO: select * from `tbl_useraccounts` where `id` = ? limit 1  
[2024-09-23 23:40:43] local.INFO: array (
  0 => 1,
)  
[2024-09-23 23:40:43] local.INFO: 439.87  
[2024-09-23 23:40:43] local.INFO: select * from `tbl_tower` where `OwnerID` = ?  
[2024-09-23 23:40:43] local.INFO: array (
  0 => 1,
)  
[2024-09-23 23:40:43] local.INFO: 444.72  
[2024-09-23 23:40:44] local.INFO: select * from `sensor_data_history` where `towerid` = ?  
[2024-09-23 23:40:44] local.INFO: array (
  0 => 1,
)  
[2024-09-23 23:40:44] local.INFO: 661.02  
[2024-09-23 23:40:45] local.INFO: select count(*) as aggregate from `tbl_tower` where `OwnerID` = ?  
[2024-09-23 23:40:45] local.INFO: array (
  0 => 1,
)  
[2024-09-23 23:40:45] local.INFO: 455.81  
[2024-09-23 23:40:45] local.INFO: select * from `tbl_workeraccounts` where `OwnerID` = ?  
[2024-09-23 23:40:45] local.INFO: array (
  0 => 1,
)  
[2024-09-23 23:40:45] local.INFO: 450.24  
[2024-09-23 23:40:45] local.INFO: select count(*) as aggregate from `tbl_tower` where `OwnerID` = ?  
[2024-09-23 23:40:45] local.INFO: array (
  0 => 1,
)  
[2024-09-23 23:40:45] local.INFO: 452.21  
[2024-09-23 23:40:46] local.INFO: select `id` from `tbl_tower` where `OwnerID` = ? limit 1  
[2024-09-23 23:40:46] local.INFO: array (
  0 => 1,
)  
[2024-09-23 23:40:46] local.INFO: 422.3  
[2024-09-23 23:40:47] local.INFO: select `tbl_tower`.`name` as `tower_name`, `tbl_tower`.`towercode` as `tower_code`, `tbl_towerlogs`.`activity`, `tbl_towerlogs`.`created_at` from `tbl_towerlogs` inner join `tbl_tower` on `tbl_towerlogs`.`ID_tower` = `tbl_tower`.`id` where `tbl_towerlogs`.`ID_tower` = ? order by `tbl_towerlogs`.`created_at` desc  
[2024-09-23 23:40:47] local.INFO: array (
  0 => 1,
)  
[2024-09-23 23:40:47] local.INFO: 1199.16  
[2024-09-23 23:40:48] local.INFO: select * from `tbl_useraccounts` where `id` = ? limit 1  
[2024-09-23 23:40:48] local.INFO: array (
  0 => 1,
)  
[2024-09-23 23:40:48] local.INFO: 460.71  
[2024-09-23 23:40:48] local.INFO: update `sessions` set `payload` = ?, `last_activity` = ?, `user_id` = ?, `ip_address` = ?, `user_agent` = ? where `id` = ?  
[2024-09-23 23:40:48] local.INFO: array (
  0 => 'YTo0OntzOjY6Il90b2tlbiI7czo0MDoicU5zSTBQMmVsZ0taNlJBWDBaV25HNXljUlRqODM1RUR3MWtmbmxvRiI7czo2OiJfZmxhc2giO2E6Mjp7czozOiJvbGQiO2E6MDp7fXM6MzoibmV3IjthOjA6e319czo5OiJfcHJldmlvdXMiO2E6MTp7czozOiJ1cmwiO3M6Mzc6Imh0dHA6Ly8xMjcuMC4wLjE6ODAwMC9Pd25lci9kYXNoYm9hcmQiO31zOjUyOiJsb2dpbl9vd25lcl81OWJhMzZhZGRjMmIyZjk0MDE1ODBmMDE0YzdmNThlYTRlMzA5ODlkIjtpOjE7fQ==',
  1 => 1727106048,
  2 => 1,
  3 => '127.0.0.1',
  4 => 'Mozilla/5.0 (Windows NT 10.0; Win64; x64) AppleWebKit/537.36 (KHTML, like Gecko) Chrome/128.0.0.0 Safari/537.36',
  5 => 'DRym4OlgVXjuZmhNRDKoUevL8Q36zZrkDOc6lWfH',
)  
[2024-09-23 23:40:48] local.INFO: 457.41  
[2024-09-23 23:40:51] local.INFO: select * from `sessions` where `id` = ? limit 1  
[2024-09-23 23:40:51] local.INFO: array (
  0 => 'DRym4OlgVXjuZmhNRDKoUevL8Q36zZrkDOc6lWfH',
)  
[2024-09-23 23:40:51] local.INFO: 1160.69  
[2024-09-23 23:40:51] local.INFO: update `sessions` set `payload` = ?, `last_activity` = ?, `user_id` = ?, `ip_address` = ?, `user_agent` = ? where `id` = ?  
[2024-09-23 23:40:51] local.INFO: array (
  0 => 'YTo0OntzOjY6Il90b2tlbiI7czo0MDoicU5zSTBQMmVsZ0taNlJBWDBaV25HNXljUlRqODM1RUR3MWtmbmxvRiI7czo2OiJfZmxhc2giO2E6Mjp7czozOiJvbGQiO2E6MDp7fXM6MzoibmV3IjthOjA6e319czo5OiJfcHJldmlvdXMiO2E6MTp7czozOiJ1cmwiO3M6NzA6Imh0dHA6Ly8xMjcuMC4wLjE6ODAwMC9jc3MvJTdCJTdCJTIwYXNzZXQoJTIyaW1hZ2VzL2JnLnBuZyUyMiklMjAlN0QlN0QiO31zOjUyOiJsb2dpbl9vd25lcl81OWJhMzZhZGRjMmIyZjk0MDE1ODBmMDE0YzdmNThlYTRlMzA5ODlkIjtpOjE7fQ==',
  1 => 1727106051,
  2 => NULL,
  3 => '127.0.0.1',
  4 => 'Mozilla/5.0 (Windows NT 10.0; Win64; x64) AppleWebKit/537.36 (KHTML, like Gecko) Chrome/128.0.0.0 Safari/537.36',
  5 => 'DRym4OlgVXjuZmhNRDKoUevL8Q36zZrkDOc6lWfH',
)  
[2024-09-23 23:40:51] local.INFO: 421.69  
[2024-09-23 23:40:54] local.INFO: select * from `sessions` where `id` = ? limit 1  
[2024-09-23 23:40:54] local.INFO: array (
  0 => 'DRym4OlgVXjuZmhNRDKoUevL8Q36zZrkDOc6lWfH',
)  
[2024-09-23 23:40:54] local.INFO: 1204.97  
[2024-09-23 23:40:54] local.INFO: update `sessions` set `payload` = ?, `last_activity` = ?, `user_id` = ?, `ip_address` = ?, `user_agent` = ? where `id` = ?  
[2024-09-23 23:40:54] local.INFO: array (
  0 => 'YTo0OntzOjY6Il90b2tlbiI7czo0MDoicU5zSTBQMmVsZ0taNlJBWDBaV25HNXljUlRqODM1RUR3MWtmbmxvRiI7czo2OiJfZmxhc2giO2E6Mjp7czozOiJvbGQiO2E6MDp7fXM6MzoibmV3IjthOjA6e319czo5OiJfcHJldmlvdXMiO2E6MTp7czozOiJ1cmwiO3M6MjE6Imh0dHA6Ly8xMjcuMC4wLjE6ODAwMCI7fXM6NTI6ImxvZ2luX293bmVyXzU5YmEzNmFkZGMyYjJmOTQwMTU4MGYwMTRjN2Y1OGVhNGUzMDk4OWQiO2k6MTt9',
  1 => 1727106054,
  2 => NULL,
  3 => '127.0.0.1',
  4 => 'Mozilla/5.0 (Windows NT 10.0; Win64; x64) AppleWebKit/537.36 (KHTML, like Gecko) Chrome/128.0.0.0 Safari/537.36',
  5 => 'DRym4OlgVXjuZmhNRDKoUevL8Q36zZrkDOc6lWfH',
)  
[2024-09-23 23:40:54] local.INFO: 451.74  
[2024-09-23 23:42:19] local.INFO: select * from `sessions` where `id` = ? limit 1  
[2024-09-23 23:42:19] local.INFO: array (
  0 => 'DRym4OlgVXjuZmhNRDKoUevL8Q36zZrkDOc6lWfH',
)  
[2024-09-23 23:42:19] local.INFO: 1877.12  
[2024-09-23 23:42:19] local.INFO: select * from `tbl_useraccounts` where `id` = ? limit 1  
[2024-09-23 23:42:19] local.INFO: array (
  0 => 1,
)  
[2024-09-23 23:42:19] local.INFO: 455.64  
[2024-09-23 23:42:19] local.INFO: select * from `tbl_tower` where `OwnerID` = ?  
[2024-09-23 23:42:19] local.INFO: array (
  0 => 1,
)  
[2024-09-23 23:42:19] local.INFO: 469.61  
[2024-09-23 23:42:20] local.INFO: select * from `sensor_data_history` where `towerid` = ?  
[2024-09-23 23:42:20] local.INFO: array (
  0 => 1,
)  
[2024-09-23 23:42:20] local.INFO: 657.01  
[2024-09-23 23:42:21] local.INFO: select count(*) as aggregate from `tbl_tower` where `OwnerID` = ?  
[2024-09-23 23:42:21] local.INFO: array (
  0 => 1,
)  
[2024-09-23 23:42:21] local.INFO: 850.85  
[2024-09-23 23:42:23] local.INFO: select * from `tbl_workeraccounts` where `OwnerID` = ?  
[2024-09-23 23:42:23] local.INFO: array (
  0 => 1,
)  
[2024-09-23 23:42:23] local.INFO: 1963.62  
[2024-09-23 23:42:24] local.INFO: select count(*) as aggregate from `tbl_tower` where `OwnerID` = ?  
[2024-09-23 23:42:24] local.INFO: array (
  0 => 1,
)  
[2024-09-23 23:42:24] local.INFO: 1042.28  
[2024-09-23 23:42:25] local.INFO: select `id` from `tbl_tower` where `OwnerID` = ? limit 1  
[2024-09-23 23:42:25] local.INFO: array (
  0 => 1,
)  
[2024-09-23 23:42:25] local.INFO: 871.96  
[2024-09-23 23:42:31] local.INFO: select `tbl_tower`.`name` as `tower_name`, `tbl_tower`.`towercode` as `tower_code`, `tbl_towerlogs`.`activity`, `tbl_towerlogs`.`created_at` from `tbl_towerlogs` inner join `tbl_tower` on `tbl_towerlogs`.`ID_tower` = `tbl_tower`.`id` where `tbl_towerlogs`.`ID_tower` = ? order by `tbl_towerlogs`.`created_at` desc  
[2024-09-23 23:42:31] local.INFO: array (
  0 => 1,
)  
[2024-09-23 23:42:31] local.INFO: 6315.33  
[2024-09-23 23:42:32] local.INFO: select * from `tbl_useraccounts` where `id` = ? limit 1  
[2024-09-23 23:42:32] local.INFO: array (
  0 => 1,
)  
[2024-09-23 23:42:32] local.INFO: 458.9  
[2024-09-23 23:42:32] local.INFO: update `sessions` set `payload` = ?, `last_activity` = ?, `user_id` = ?, `ip_address` = ?, `user_agent` = ? where `id` = ?  
[2024-09-23 23:42:32] local.INFO: array (
  0 => 'YTo0OntzOjY6Il90b2tlbiI7czo0MDoicU5zSTBQMmVsZ0taNlJBWDBaV25HNXljUlRqODM1RUR3MWtmbmxvRiI7czo2OiJfZmxhc2giO2E6Mjp7czozOiJvbGQiO2E6MDp7fXM6MzoibmV3IjthOjA6e319czo5OiJfcHJldmlvdXMiO2E6MTp7czozOiJ1cmwiO3M6Mzc6Imh0dHA6Ly8xMjcuMC4wLjE6ODAwMC9Pd25lci9kYXNoYm9hcmQiO31zOjUyOiJsb2dpbl9vd25lcl81OWJhMzZhZGRjMmIyZjk0MDE1ODBmMDE0YzdmNThlYTRlMzA5ODlkIjtpOjE7fQ==',
  1 => 1727106152,
  2 => 1,
  3 => '127.0.0.1',
  4 => 'Mozilla/5.0 (Windows NT 10.0; Win64; x64) AppleWebKit/537.36 (KHTML, like Gecko) Chrome/128.0.0.0 Safari/537.36',
  5 => 'DRym4OlgVXjuZmhNRDKoUevL8Q36zZrkDOc6lWfH',
)  
[2024-09-23 23:42:32] local.INFO: 475.14  
[2024-09-23 23:42:36] local.INFO: select * from `sessions` where `id` = ? limit 1  
[2024-09-23 23:42:36] local.INFO: array (
  0 => 'DRym4OlgVXjuZmhNRDKoUevL8Q36zZrkDOc6lWfH',
)  
[2024-09-23 23:42:36] local.INFO: 1484.85  
[2024-09-23 23:42:36] local.INFO: update `sessions` set `payload` = ?, `last_activity` = ?, `user_id` = ?, `ip_address` = ?, `user_agent` = ? where `id` = ?  
[2024-09-23 23:42:36] local.INFO: array (
  0 => 'YTo0OntzOjY6Il90b2tlbiI7czo0MDoicU5zSTBQMmVsZ0taNlJBWDBaV25HNXljUlRqODM1RUR3MWtmbmxvRiI7czo2OiJfZmxhc2giO2E6Mjp7czozOiJvbGQiO2E6MDp7fXM6MzoibmV3IjthOjA6e319czo5OiJfcHJldmlvdXMiO2E6MTp7czozOiJ1cmwiO3M6NzA6Imh0dHA6Ly8xMjcuMC4wLjE6ODAwMC9jc3MvJTdCJTdCJTIwYXNzZXQoJTIyaW1hZ2VzL2JnLnBuZyUyMiklMjAlN0QlN0QiO31zOjUyOiJsb2dpbl9vd25lcl81OWJhMzZhZGRjMmIyZjk0MDE1ODBmMDE0YzdmNThlYTRlMzA5ODlkIjtpOjE7fQ==',
  1 => 1727106156,
  2 => NULL,
  3 => '127.0.0.1',
  4 => 'Mozilla/5.0 (Windows NT 10.0; Win64; x64) AppleWebKit/537.36 (KHTML, like Gecko) Chrome/128.0.0.0 Safari/537.36',
  5 => 'DRym4OlgVXjuZmhNRDKoUevL8Q36zZrkDOc6lWfH',
)  
[2024-09-23 23:42:36] local.INFO: 559.72  
[2024-09-23 23:42:38] local.INFO: select * from `sessions` where `id` = ? limit 1  
[2024-09-23 23:42:38] local.INFO: array (
  0 => 'DRym4OlgVXjuZmhNRDKoUevL8Q36zZrkDOc6lWfH',
)  
[2024-09-23 23:42:38] local.INFO: 1093.92  
[2024-09-23 23:42:38] local.INFO: update `sessions` set `payload` = ?, `last_activity` = ?, `user_id` = ?, `ip_address` = ?, `user_agent` = ? where `id` = ?  
[2024-09-23 23:42:38] local.INFO: array (
  0 => 'YTo0OntzOjY6Il90b2tlbiI7czo0MDoicU5zSTBQMmVsZ0taNlJBWDBaV25HNXljUlRqODM1RUR3MWtmbmxvRiI7czo2OiJfZmxhc2giO2E6Mjp7czozOiJvbGQiO2E6MDp7fXM6MzoibmV3IjthOjA6e319czo5OiJfcHJldmlvdXMiO2E6MTp7czozOiJ1cmwiO3M6MjE6Imh0dHA6Ly8xMjcuMC4wLjE6ODAwMCI7fXM6NTI6ImxvZ2luX293bmVyXzU5YmEzNmFkZGMyYjJmOTQwMTU4MGYwMTRjN2Y1OGVhNGUzMDk4OWQiO2k6MTt9',
  1 => 1727106158,
  2 => NULL,
  3 => '127.0.0.1',
  4 => 'Mozilla/5.0 (Windows NT 10.0; Win64; x64) AppleWebKit/537.36 (KHTML, like Gecko) Chrome/128.0.0.0 Safari/537.36',
  5 => 'DRym4OlgVXjuZmhNRDKoUevL8Q36zZrkDOc6lWfH',
)  
[2024-09-23 23:42:38] local.INFO: 478.3  
[2024-09-23 23:44:48] local.INFO: select * from `sessions` where `id` = ? limit 1  
[2024-09-23 23:44:48] local.INFO: array (
  0 => 'DRym4OlgVXjuZmhNRDKoUevL8Q36zZrkDOc6lWfH',
)  
[2024-09-23 23:44:48] local.INFO: 1568.37  
[2024-09-23 23:44:48] local.INFO: select * from `tbl_useraccounts` where `id` = ? limit 1  
[2024-09-23 23:44:48] local.INFO: array (
  0 => 1,
)  
[2024-09-23 23:44:48] local.INFO: 481.58  
[2024-09-23 23:44:48] local.INFO: select * from `tbl_tower` where `OwnerID` = ?  
[2024-09-23 23:44:48] local.INFO: array (
  0 => 1,
)  
[2024-09-23 23:44:48] local.INFO: 438.85  
[2024-09-23 23:44:49] local.INFO: select * from `sensor_data_history` where `towerid` = ?  
[2024-09-23 23:44:49] local.INFO: array (
  0 => 1,
)  
[2024-09-23 23:44:49] local.INFO: 642.03  
[2024-09-23 23:44:50] local.INFO: select count(*) as aggregate from `tbl_tower` where `OwnerID` = ?  
[2024-09-23 23:44:50] local.INFO: array (
  0 => 1,
)  
[2024-09-23 23:44:50] local.INFO: 425.66  
[2024-09-23 23:44:50] local.INFO: select * from `tbl_workeraccounts` where `OwnerID` = ?  
[2024-09-23 23:44:50] local.INFO: array (
  0 => 1,
)  
[2024-09-23 23:44:50] local.INFO: 423.51  
[2024-09-23 23:44:51] local.INFO: select count(*) as aggregate from `tbl_tower` where `OwnerID` = ?  
[2024-09-23 23:44:51] local.INFO: array (
  0 => 1,
)  
[2024-09-23 23:44:51] local.INFO: 408.38  
[2024-09-23 23:44:51] local.INFO: select `id` from `tbl_tower` where `OwnerID` = ? limit 1  
[2024-09-23 23:44:51] local.INFO: array (
  0 => 1,
)  
[2024-09-23 23:44:51] local.INFO: 422.89  
[2024-09-23 23:44:53] local.INFO: select `tbl_tower`.`name` as `tower_name`, `tbl_tower`.`towercode` as `tower_code`, `tbl_towerlogs`.`activity`, `tbl_towerlogs`.`created_at` from `tbl_towerlogs` inner join `tbl_tower` on `tbl_towerlogs`.`ID_tower` = `tbl_tower`.`id` where `tbl_towerlogs`.`ID_tower` = ? order by `tbl_towerlogs`.`created_at` desc  
[2024-09-23 23:44:53] local.INFO: array (
  0 => 1,
)  
[2024-09-23 23:44:53] local.INFO: 1802.65  
[2024-09-23 23:44:53] local.INFO: select * from `tbl_useraccounts` where `id` = ? limit 1  
[2024-09-23 23:44:53] local.INFO: array (
  0 => 1,
)  
[2024-09-23 23:44:53] local.INFO: 437.07  
[2024-09-23 23:44:54] local.INFO: update `sessions` set `payload` = ?, `last_activity` = ?, `user_id` = ?, `ip_address` = ?, `user_agent` = ? where `id` = ?  
[2024-09-23 23:44:54] local.INFO: array (
  0 => 'YTo0OntzOjY6Il90b2tlbiI7czo0MDoicU5zSTBQMmVsZ0taNlJBWDBaV25HNXljUlRqODM1RUR3MWtmbmxvRiI7czo2OiJfZmxhc2giO2E6Mjp7czozOiJvbGQiO2E6MDp7fXM6MzoibmV3IjthOjA6e319czo5OiJfcHJldmlvdXMiO2E6MTp7czozOiJ1cmwiO3M6Mzc6Imh0dHA6Ly8xMjcuMC4wLjE6ODAwMC9Pd25lci9kYXNoYm9hcmQiO31zOjUyOiJsb2dpbl9vd25lcl81OWJhMzZhZGRjMmIyZjk0MDE1ODBmMDE0YzdmNThlYTRlMzA5ODlkIjtpOjE7fQ==',
  1 => 1727106293,
  2 => 1,
  3 => '127.0.0.1',
  4 => 'Mozilla/5.0 (Windows NT 10.0; Win64; x64) AppleWebKit/537.36 (KHTML, like Gecko) Chrome/128.0.0.0 Safari/537.36',
  5 => 'DRym4OlgVXjuZmhNRDKoUevL8Q36zZrkDOc6lWfH',
)  
[2024-09-23 23:44:54] local.INFO: 427.26  
[2024-09-23 23:44:56] local.INFO: select * from `sessions` where `id` = ? limit 1  
[2024-09-23 23:44:56] local.INFO: array (
  0 => 'DRym4OlgVXjuZmhNRDKoUevL8Q36zZrkDOc6lWfH',
)  
[2024-09-23 23:44:56] local.INFO: 1081.72  
[2024-09-23 23:44:56] local.INFO: update `sessions` set `payload` = ?, `last_activity` = ?, `user_id` = ?, `ip_address` = ?, `user_agent` = ? where `id` = ?  
[2024-09-23 23:44:56] local.INFO: array (
  0 => 'YTo0OntzOjY6Il90b2tlbiI7czo0MDoicU5zSTBQMmVsZ0taNlJBWDBaV25HNXljUlRqODM1RUR3MWtmbmxvRiI7czo2OiJfZmxhc2giO2E6Mjp7czozOiJvbGQiO2E6MDp7fXM6MzoibmV3IjthOjA6e319czo5OiJfcHJldmlvdXMiO2E6MTp7czozOiJ1cmwiO3M6NzA6Imh0dHA6Ly8xMjcuMC4wLjE6ODAwMC9jc3MvJTdCJTdCJTIwYXNzZXQoJTIyaW1hZ2VzL2JnLnBuZyUyMiklMjAlN0QlN0QiO31zOjUyOiJsb2dpbl9vd25lcl81OWJhMzZhZGRjMmIyZjk0MDE1ODBmMDE0YzdmNThlYTRlMzA5ODlkIjtpOjE7fQ==',
  1 => 1727106296,
  2 => NULL,
  3 => '127.0.0.1',
  4 => 'Mozilla/5.0 (Windows NT 10.0; Win64; x64) AppleWebKit/537.36 (KHTML, like Gecko) Chrome/128.0.0.0 Safari/537.36',
  5 => 'DRym4OlgVXjuZmhNRDKoUevL8Q36zZrkDOc6lWfH',
)  
[2024-09-23 23:44:56] local.INFO: 417.13  
[2024-09-23 23:44:58] local.INFO: select * from `sessions` where `id` = ? limit 1  
[2024-09-23 23:44:58] local.INFO: array (
  0 => 'DRym4OlgVXjuZmhNRDKoUevL8Q36zZrkDOc6lWfH',
)  
[2024-09-23 23:44:58] local.INFO: 1080.86  
[2024-09-23 23:44:58] local.INFO: update `sessions` set `payload` = ?, `last_activity` = ?, `user_id` = ?, `ip_address` = ?, `user_agent` = ? where `id` = ?  
[2024-09-23 23:44:58] local.INFO: array (
  0 => 'YTo0OntzOjY6Il90b2tlbiI7czo0MDoicU5zSTBQMmVsZ0taNlJBWDBaV25HNXljUlRqODM1RUR3MWtmbmxvRiI7czo2OiJfZmxhc2giO2E6Mjp7czozOiJvbGQiO2E6MDp7fXM6MzoibmV3IjthOjA6e319czo5OiJfcHJldmlvdXMiO2E6MTp7czozOiJ1cmwiO3M6MjE6Imh0dHA6Ly8xMjcuMC4wLjE6ODAwMCI7fXM6NTI6ImxvZ2luX293bmVyXzU5YmEzNmFkZGMyYjJmOTQwMTU4MGYwMTRjN2Y1OGVhNGUzMDk4OWQiO2k6MTt9',
  1 => 1727106298,
  2 => NULL,
  3 => '127.0.0.1',
  4 => 'Mozilla/5.0 (Windows NT 10.0; Win64; x64) AppleWebKit/537.36 (KHTML, like Gecko) Chrome/128.0.0.0 Safari/537.36',
  5 => 'DRym4OlgVXjuZmhNRDKoUevL8Q36zZrkDOc6lWfH',
)  
[2024-09-23 23:44:58] local.INFO: 438.8  
[2024-09-23 23:53:00] local.INFO: select * from `sessions` where `id` = ? limit 1  
[2024-09-23 23:53:00] local.INFO: array (
  0 => 'DRym4OlgVXjuZmhNRDKoUevL8Q36zZrkDOc6lWfH',
)  
[2024-09-23 23:53:00] local.INFO: 1598.19  
[2024-09-23 23:53:00] local.INFO: select * from `tbl_useraccounts` where `id` = ? limit 1  
[2024-09-23 23:53:00] local.INFO: array (
  0 => 1,
)  
[2024-09-23 23:53:00] local.INFO: 457.77  
[2024-09-23 23:53:01] local.INFO: select * from `tbl_tower` where `OwnerID` = ?  
[2024-09-23 23:53:01] local.INFO: array (
  0 => 1,
)  
[2024-09-23 23:53:01] local.INFO: 445.86  
[2024-09-23 23:53:01] local.INFO: select * from `sensor_data_history` where `towerid` = ?  
[2024-09-23 23:53:01] local.INFO: array (
  0 => 1,
)  
[2024-09-23 23:53:01] local.INFO: 693.41  
[2024-09-23 23:53:02] local.INFO: select count(*) as aggregate from `tbl_tower` where `OwnerID` = ?  
[2024-09-23 23:53:02] local.INFO: array (
  0 => 1,
)  
[2024-09-23 23:53:02] local.INFO: 465.9  
[2024-09-23 23:53:02] local.INFO: select * from `tbl_workeraccounts` where `OwnerID` = ?  
[2024-09-23 23:53:02] local.INFO: array (
  0 => 1,
)  
[2024-09-23 23:53:02] local.INFO: 466.14  
[2024-09-23 23:53:03] local.INFO: select count(*) as aggregate from `tbl_tower` where `OwnerID` = ?  
[2024-09-23 23:53:03] local.INFO: array (
  0 => 1,
)  
[2024-09-23 23:53:03] local.INFO: 436.77  
[2024-09-23 23:53:03] local.INFO: select `id` from `tbl_tower` where `OwnerID` = ? limit 1  
[2024-09-23 23:53:03] local.INFO: array (
  0 => 1,
)  
[2024-09-23 23:53:03] local.INFO: 442.14  
[2024-09-23 23:53:05] local.INFO: select `tbl_tower`.`name` as `tower_name`, `tbl_tower`.`towercode` as `tower_code`, `tbl_towerlogs`.`activity`, `tbl_towerlogs`.`created_at` from `tbl_towerlogs` inner join `tbl_tower` on `tbl_towerlogs`.`ID_tower` = `tbl_tower`.`id` where `tbl_towerlogs`.`ID_tower` = ? order by `tbl_towerlogs`.`created_at` desc  
[2024-09-23 23:53:05] local.INFO: array (
  0 => 1,
)  
[2024-09-23 23:53:05] local.INFO: 1202.49  
[2024-09-23 23:53:05] local.INFO: select * from `tbl_useraccounts` where `id` = ? limit 1  
[2024-09-23 23:53:05] local.INFO: array (
  0 => 1,
)  
[2024-09-23 23:53:05] local.INFO: 452.76  
[2024-09-23 23:53:05] local.INFO: update `sessions` set `payload` = ?, `last_activity` = ?, `user_id` = ?, `ip_address` = ?, `user_agent` = ? where `id` = ?  
[2024-09-23 23:53:05] local.INFO: array (
  0 => 'YTo0OntzOjY6Il90b2tlbiI7czo0MDoicU5zSTBQMmVsZ0taNlJBWDBaV25HNXljUlRqODM1RUR3MWtmbmxvRiI7czo2OiJfZmxhc2giO2E6Mjp7czozOiJvbGQiO2E6MDp7fXM6MzoibmV3IjthOjA6e319czo5OiJfcHJldmlvdXMiO2E6MTp7czozOiJ1cmwiO3M6Mzc6Imh0dHA6Ly8xMjcuMC4wLjE6ODAwMC9Pd25lci9kYXNoYm9hcmQiO31zOjUyOiJsb2dpbl9vd25lcl81OWJhMzZhZGRjMmIyZjk0MDE1ODBmMDE0YzdmNThlYTRlMzA5ODlkIjtpOjE7fQ==',
  1 => 1727106785,
  2 => 1,
  3 => '127.0.0.1',
  4 => 'Mozilla/5.0 (Windows NT 10.0; Win64; x64) AppleWebKit/537.36 (KHTML, like Gecko) Chrome/128.0.0.0 Safari/537.36',
  5 => 'DRym4OlgVXjuZmhNRDKoUevL8Q36zZrkDOc6lWfH',
)  
[2024-09-23 23:53:05] local.INFO: 447.58  
[2024-09-23 23:53:08] local.INFO: select * from `sessions` where `id` = ? limit 1  
[2024-09-23 23:53:08] local.INFO: array (
  0 => 'DRym4OlgVXjuZmhNRDKoUevL8Q36zZrkDOc6lWfH',
)  
[2024-09-23 23:53:08] local.INFO: 1154.16  
[2024-09-23 23:53:08] local.INFO: update `sessions` set `payload` = ?, `last_activity` = ?, `user_id` = ?, `ip_address` = ?, `user_agent` = ? where `id` = ?  
[2024-09-23 23:53:08] local.INFO: array (
  0 => 'YTo0OntzOjY6Il90b2tlbiI7czo0MDoicU5zSTBQMmVsZ0taNlJBWDBaV25HNXljUlRqODM1RUR3MWtmbmxvRiI7czo2OiJfZmxhc2giO2E6Mjp7czozOiJvbGQiO2E6MDp7fXM6MzoibmV3IjthOjA6e319czo5OiJfcHJldmlvdXMiO2E6MTp7czozOiJ1cmwiO3M6NzA6Imh0dHA6Ly8xMjcuMC4wLjE6ODAwMC9jc3MvJTdCJTdCJTIwYXNzZXQoJTIyaW1hZ2VzL2JnLnBuZyUyMiklMjAlN0QlN0QiO31zOjUyOiJsb2dpbl9vd25lcl81OWJhMzZhZGRjMmIyZjk0MDE1ODBmMDE0YzdmNThlYTRlMzA5ODlkIjtpOjE7fQ==',
  1 => 1727106788,
  2 => NULL,
  3 => '127.0.0.1',
  4 => 'Mozilla/5.0 (Windows NT 10.0; Win64; x64) AppleWebKit/537.36 (KHTML, like Gecko) Chrome/128.0.0.0 Safari/537.36',
  5 => 'DRym4OlgVXjuZmhNRDKoUevL8Q36zZrkDOc6lWfH',
)  
[2024-09-23 23:53:08] local.INFO: 446.12  
[2024-09-23 23:53:10] local.INFO: select * from `sessions` where `id` = ? limit 1  
[2024-09-23 23:53:10] local.INFO: array (
  0 => 'DRym4OlgVXjuZmhNRDKoUevL8Q36zZrkDOc6lWfH',
)  
[2024-09-23 23:53:10] local.INFO: 1178.05  
[2024-09-23 23:53:10] local.INFO: update `sessions` set `payload` = ?, `last_activity` = ?, `user_id` = ?, `ip_address` = ?, `user_agent` = ? where `id` = ?  
[2024-09-23 23:53:10] local.INFO: array (
  0 => 'YTo0OntzOjY6Il90b2tlbiI7czo0MDoicU5zSTBQMmVsZ0taNlJBWDBaV25HNXljUlRqODM1RUR3MWtmbmxvRiI7czo2OiJfZmxhc2giO2E6Mjp7czozOiJvbGQiO2E6MDp7fXM6MzoibmV3IjthOjA6e319czo5OiJfcHJldmlvdXMiO2E6MTp7czozOiJ1cmwiO3M6MjE6Imh0dHA6Ly8xMjcuMC4wLjE6ODAwMCI7fXM6NTI6ImxvZ2luX293bmVyXzU5YmEzNmFkZGMyYjJmOTQwMTU4MGYwMTRjN2Y1OGVhNGUzMDk4OWQiO2k6MTt9',
  1 => 1727106790,
  2 => NULL,
  3 => '127.0.0.1',
  4 => 'Mozilla/5.0 (Windows NT 10.0; Win64; x64) AppleWebKit/537.36 (KHTML, like Gecko) Chrome/128.0.0.0 Safari/537.36',
  5 => 'DRym4OlgVXjuZmhNRDKoUevL8Q36zZrkDOc6lWfH',
)  
[2024-09-23 23:53:10] local.INFO: 449.91  
[2024-09-23 23:55:02] local.INFO: select * from `sessions` where `id` = ? limit 1  
[2024-09-23 23:55:02] local.INFO: array (
  0 => 'DRym4OlgVXjuZmhNRDKoUevL8Q36zZrkDOc6lWfH',
)  
[2024-09-23 23:55:02] local.INFO: 1517.9  
[2024-09-23 23:55:03] local.INFO: select * from `tbl_useraccounts` where `id` = ? limit 1  
[2024-09-23 23:55:03] local.INFO: array (
  0 => 1,
)  
[2024-09-23 23:55:03] local.INFO: 440.53  
[2024-09-23 23:55:03] local.INFO: select * from `tbl_tower` where `OwnerID` = ?  
[2024-09-23 23:55:03] local.INFO: array (
  0 => 1,
)  
[2024-09-23 23:55:03] local.INFO: 425.86  
[2024-09-23 23:55:04] local.INFO: select * from `sensor_data_history` where `towerid` = ?  
[2024-09-23 23:55:04] local.INFO: array (
  0 => 1,
)  
[2024-09-23 23:55:04] local.INFO: 634.74  
[2024-09-23 23:55:05] local.INFO: select count(*) as aggregate from `tbl_tower` where `OwnerID` = ?  
[2024-09-23 23:55:05] local.INFO: array (
  0 => 1,
)  
[2024-09-23 23:55:05] local.INFO: 449.26  
[2024-09-23 23:55:05] local.INFO: select * from `tbl_workeraccounts` where `OwnerID` = ?  
[2024-09-23 23:55:05] local.INFO: array (
  0 => 1,
)  
[2024-09-23 23:55:05] local.INFO: 458.02  
[2024-09-23 23:55:05] local.INFO: select count(*) as aggregate from `tbl_tower` where `OwnerID` = ?  
[2024-09-23 23:55:05] local.INFO: array (
  0 => 1,
)  
[2024-09-23 23:55:05] local.INFO: 463.16  
[2024-09-23 23:55:06] local.INFO: select `id` from `tbl_tower` where `OwnerID` = ? limit 1  
[2024-09-23 23:55:06] local.INFO: array (
  0 => 1,
)  
[2024-09-23 23:55:06] local.INFO: 421.67  
[2024-09-23 23:55:07] local.INFO: select `tbl_tower`.`name` as `tower_name`, `tbl_tower`.`towercode` as `tower_code`, `tbl_towerlogs`.`activity`, `tbl_towerlogs`.`created_at` from `tbl_towerlogs` inner join `tbl_tower` on `tbl_towerlogs`.`ID_tower` = `tbl_tower`.`id` where `tbl_towerlogs`.`ID_tower` = ? order by `tbl_towerlogs`.`created_at` desc  
[2024-09-23 23:55:07] local.INFO: array (
  0 => 1,
)  
[2024-09-23 23:55:07] local.INFO: 1121.42  
[2024-09-23 23:55:07] local.INFO: select * from `tbl_useraccounts` where `id` = ? limit 1  
[2024-09-23 23:55:07] local.INFO: array (
  0 => 1,
)  
[2024-09-23 23:55:07] local.INFO: 422.8  
[2024-09-23 23:55:08] local.INFO: update `sessions` set `payload` = ?, `last_activity` = ?, `user_id` = ?, `ip_address` = ?, `user_agent` = ? where `id` = ?  
[2024-09-23 23:55:08] local.INFO: array (
  0 => 'YTo0OntzOjY6Il90b2tlbiI7czo0MDoicU5zSTBQMmVsZ0taNlJBWDBaV25HNXljUlRqODM1RUR3MWtmbmxvRiI7czo2OiJfZmxhc2giO2E6Mjp7czozOiJvbGQiO2E6MDp7fXM6MzoibmV3IjthOjA6e319czo5OiJfcHJldmlvdXMiO2E6MTp7czozOiJ1cmwiO3M6Mzc6Imh0dHA6Ly8xMjcuMC4wLjE6ODAwMC9Pd25lci9kYXNoYm9hcmQiO31zOjUyOiJsb2dpbl9vd25lcl81OWJhMzZhZGRjMmIyZjk0MDE1ODBmMDE0YzdmNThlYTRlMzA5ODlkIjtpOjE7fQ==',
  1 => 1727106907,
  2 => 1,
  3 => '127.0.0.1',
  4 => 'Mozilla/5.0 (Windows NT 10.0; Win64; x64) AppleWebKit/537.36 (KHTML, like Gecko) Chrome/128.0.0.0 Safari/537.36',
  5 => 'DRym4OlgVXjuZmhNRDKoUevL8Q36zZrkDOc6lWfH',
)  
[2024-09-23 23:55:08] local.INFO: 438.34  
[2024-09-23 23:55:10] local.INFO: select * from `sessions` where `id` = ? limit 1  
[2024-09-23 23:55:10] local.INFO: array (
  0 => 'DRym4OlgVXjuZmhNRDKoUevL8Q36zZrkDOc6lWfH',
)  
[2024-09-23 23:55:10] local.INFO: 1084.25  
[2024-09-23 23:55:11] local.INFO: update `sessions` set `payload` = ?, `last_activity` = ?, `user_id` = ?, `ip_address` = ?, `user_agent` = ? where `id` = ?  
[2024-09-23 23:55:11] local.INFO: array (
  0 => 'YTo0OntzOjY6Il90b2tlbiI7czo0MDoicU5zSTBQMmVsZ0taNlJBWDBaV25HNXljUlRqODM1RUR3MWtmbmxvRiI7czo2OiJfZmxhc2giO2E6Mjp7czozOiJvbGQiO2E6MDp7fXM6MzoibmV3IjthOjA6e319czo5OiJfcHJldmlvdXMiO2E6MTp7czozOiJ1cmwiO3M6NzA6Imh0dHA6Ly8xMjcuMC4wLjE6ODAwMC9jc3MvJTdCJTdCJTIwYXNzZXQoJTIyaW1hZ2VzL2JnLnBuZyUyMiklMjAlN0QlN0QiO31zOjUyOiJsb2dpbl9vd25lcl81OWJhMzZhZGRjMmIyZjk0MDE1ODBmMDE0YzdmNThlYTRlMzA5ODlkIjtpOjE7fQ==',
  1 => 1727106910,
  2 => NULL,
  3 => '127.0.0.1',
  4 => 'Mozilla/5.0 (Windows NT 10.0; Win64; x64) AppleWebKit/537.36 (KHTML, like Gecko) Chrome/128.0.0.0 Safari/537.36',
  5 => 'DRym4OlgVXjuZmhNRDKoUevL8Q36zZrkDOc6lWfH',
)  
[2024-09-23 23:55:11] local.INFO: 1083.86  
[2024-09-23 23:55:13] local.INFO: select * from `sessions` where `id` = ? limit 1  
[2024-09-23 23:55:13] local.INFO: array (
  0 => 'DRym4OlgVXjuZmhNRDKoUevL8Q36zZrkDOc6lWfH',
)  
[2024-09-23 23:55:13] local.INFO: 1098.06  
[2024-09-23 23:55:13] local.INFO: update `sessions` set `payload` = ?, `last_activity` = ?, `user_id` = ?, `ip_address` = ?, `user_agent` = ? where `id` = ?  
[2024-09-23 23:55:13] local.INFO: array (
  0 => 'YTo0OntzOjY6Il90b2tlbiI7czo0MDoicU5zSTBQMmVsZ0taNlJBWDBaV25HNXljUlRqODM1RUR3MWtmbmxvRiI7czo2OiJfZmxhc2giO2E6Mjp7czozOiJvbGQiO2E6MDp7fXM6MzoibmV3IjthOjA6e319czo5OiJfcHJldmlvdXMiO2E6MTp7czozOiJ1cmwiO3M6MjE6Imh0dHA6Ly8xMjcuMC4wLjE6ODAwMCI7fXM6NTI6ImxvZ2luX293bmVyXzU5YmEzNmFkZGMyYjJmOTQwMTU4MGYwMTRjN2Y1OGVhNGUzMDk4OWQiO2k6MTt9',
  1 => 1727106913,
  2 => NULL,
  3 => '127.0.0.1',
  4 => 'Mozilla/5.0 (Windows NT 10.0; Win64; x64) AppleWebKit/537.36 (KHTML, like Gecko) Chrome/128.0.0.0 Safari/537.36',
  5 => 'DRym4OlgVXjuZmhNRDKoUevL8Q36zZrkDOc6lWfH',
)  
[2024-09-23 23:55:13] local.INFO: 418.65  
[2024-09-23 23:56:00] local.INFO: select * from `sessions` where `id` = ? limit 1  
[2024-09-23 23:56:00] local.INFO: array (
  0 => 'DRym4OlgVXjuZmhNRDKoUevL8Q36zZrkDOc6lWfH',
)  
[2024-09-23 23:56:00] local.INFO: 1580.13  
[2024-09-23 23:56:01] local.INFO: select * from `tbl_useraccounts` where `id` = ? limit 1  
[2024-09-23 23:56:01] local.INFO: array (
  0 => 1,
)  
[2024-09-23 23:56:01] local.INFO: 471.2  
[2024-09-23 23:56:01] local.INFO: select * from `tbl_tower` where `OwnerID` = ?  
[2024-09-23 23:56:01] local.INFO: array (
  0 => 1,
)  
[2024-09-23 23:56:01] local.INFO: 459.25  
[2024-09-23 23:56:02] local.INFO: select * from `sensor_data_history` where `towerid` = ?  
[2024-09-23 23:56:02] local.INFO: array (
  0 => 1,
)  
[2024-09-23 23:56:02] local.INFO: 672.6  
[2024-09-23 23:56:03] local.INFO: select count(*) as aggregate from `tbl_tower` where `OwnerID` = ?  
[2024-09-23 23:56:03] local.INFO: array (
  0 => 1,
)  
[2024-09-23 23:56:03] local.INFO: 468.03  
[2024-09-23 23:56:03] local.INFO: select * from `tbl_workeraccounts` where `OwnerID` = ?  
[2024-09-23 23:56:03] local.INFO: array (
  0 => 1,
)  
[2024-09-23 23:56:03] local.INFO: 462.2  
[2024-09-23 23:56:03] local.INFO: select count(*) as aggregate from `tbl_tower` where `OwnerID` = ?  
[2024-09-23 23:56:03] local.INFO: array (
  0 => 1,
)  
[2024-09-23 23:56:03] local.INFO: 445.68  
[2024-09-23 23:56:04] local.INFO: select `id` from `tbl_tower` where `OwnerID` = ? limit 1  
[2024-09-23 23:56:04] local.INFO: array (
  0 => 1,
)  
[2024-09-23 23:56:04] local.INFO: 452.08  
[2024-09-23 23:56:06] local.INFO: select `tbl_tower`.`name` as `tower_name`, `tbl_tower`.`towercode` as `tower_code`, `tbl_towerlogs`.`activity`, `tbl_towerlogs`.`created_at` from `tbl_towerlogs` inner join `tbl_tower` on `tbl_towerlogs`.`ID_tower` = `tbl_tower`.`id` where `tbl_towerlogs`.`ID_tower` = ? order by `tbl_towerlogs`.`created_at` desc  
[2024-09-23 23:56:06] local.INFO: array (
  0 => 1,
)  
[2024-09-23 23:56:06] local.INFO: 1651.33  
[2024-09-23 23:56:06] local.INFO: select * from `tbl_useraccounts` where `id` = ? limit 1  
[2024-09-23 23:56:06] local.INFO: array (
  0 => 1,
)  
[2024-09-23 23:56:06] local.INFO: 453.01  
[2024-09-23 23:56:07] local.INFO: update `sessions` set `payload` = ?, `last_activity` = ?, `user_id` = ?, `ip_address` = ?, `user_agent` = ? where `id` = ?  
[2024-09-23 23:56:07] local.INFO: array (
  0 => 'YTo0OntzOjY6Il90b2tlbiI7czo0MDoicU5zSTBQMmVsZ0taNlJBWDBaV25HNXljUlRqODM1RUR3MWtmbmxvRiI7czo2OiJfZmxhc2giO2E6Mjp7czozOiJvbGQiO2E6MDp7fXM6MzoibmV3IjthOjA6e319czo5OiJfcHJldmlvdXMiO2E6MTp7czozOiJ1cmwiO3M6Mzc6Imh0dHA6Ly8xMjcuMC4wLjE6ODAwMC9Pd25lci9kYXNoYm9hcmQiO31zOjUyOiJsb2dpbl9vd25lcl81OWJhMzZhZGRjMmIyZjk0MDE1ODBmMDE0YzdmNThlYTRlMzA5ODlkIjtpOjE7fQ==',
  1 => 1727106966,
  2 => 1,
  3 => '127.0.0.1',
  4 => 'Mozilla/5.0 (Windows NT 10.0; Win64; x64) AppleWebKit/537.36 (KHTML, like Gecko) Chrome/128.0.0.0 Safari/537.36',
  5 => 'DRym4OlgVXjuZmhNRDKoUevL8Q36zZrkDOc6lWfH',
)  
[2024-09-23 23:56:07] local.INFO: 447.82  
[2024-09-23 23:56:10] local.INFO: select * from `sessions` where `id` = ? limit 1  
[2024-09-23 23:56:10] local.INFO: array (
  0 => 'DRym4OlgVXjuZmhNRDKoUevL8Q36zZrkDOc6lWfH',
)  
[2024-09-23 23:56:10] local.INFO: 1805.54  
[2024-09-23 23:56:10] local.INFO: update `sessions` set `payload` = ?, `last_activity` = ?, `user_id` = ?, `ip_address` = ?, `user_agent` = ? where `id` = ?  
[2024-09-23 23:56:10] local.INFO: array (
  0 => 'YTo0OntzOjY6Il90b2tlbiI7czo0MDoicU5zSTBQMmVsZ0taNlJBWDBaV25HNXljUlRqODM1RUR3MWtmbmxvRiI7czo2OiJfZmxhc2giO2E6Mjp7czozOiJvbGQiO2E6MDp7fXM6MzoibmV3IjthOjA6e319czo5OiJfcHJldmlvdXMiO2E6MTp7czozOiJ1cmwiO3M6NzA6Imh0dHA6Ly8xMjcuMC4wLjE6ODAwMC9jc3MvJTdCJTdCJTIwYXNzZXQoJTIyaW1hZ2VzL2JnLnBuZyUyMiklMjAlN0QlN0QiO31zOjUyOiJsb2dpbl9vd25lcl81OWJhMzZhZGRjMmIyZjk0MDE1ODBmMDE0YzdmNThlYTRlMzA5ODlkIjtpOjE7fQ==',
  1 => 1727106970,
  2 => NULL,
  3 => '127.0.0.1',
  4 => 'Mozilla/5.0 (Windows NT 10.0; Win64; x64) AppleWebKit/537.36 (KHTML, like Gecko) Chrome/128.0.0.0 Safari/537.36',
  5 => 'DRym4OlgVXjuZmhNRDKoUevL8Q36zZrkDOc6lWfH',
)  
[2024-09-23 23:56:10] local.INFO: 458.29  
[2024-09-23 23:56:12] local.INFO: select * from `sessions` where `id` = ? limit 1  
[2024-09-23 23:56:12] local.INFO: array (
  0 => 'DRym4OlgVXjuZmhNRDKoUevL8Q36zZrkDOc6lWfH',
)  
[2024-09-23 23:56:12] local.INFO: 1170.41  
[2024-09-23 23:56:13] local.INFO: update `sessions` set `payload` = ?, `last_activity` = ?, `user_id` = ?, `ip_address` = ?, `user_agent` = ? where `id` = ?  
[2024-09-23 23:56:13] local.INFO: array (
  0 => 'YTo0OntzOjY6Il90b2tlbiI7czo0MDoicU5zSTBQMmVsZ0taNlJBWDBaV25HNXljUlRqODM1RUR3MWtmbmxvRiI7czo2OiJfZmxhc2giO2E6Mjp7czozOiJvbGQiO2E6MDp7fXM6MzoibmV3IjthOjA6e319czo5OiJfcHJldmlvdXMiO2E6MTp7czozOiJ1cmwiO3M6MjE6Imh0dHA6Ly8xMjcuMC4wLjE6ODAwMCI7fXM6NTI6ImxvZ2luX293bmVyXzU5YmEzNmFkZGMyYjJmOTQwMTU4MGYwMTRjN2Y1OGVhNGUzMDk4OWQiO2k6MTt9',
  1 => 1727106972,
  2 => NULL,
  3 => '127.0.0.1',
  4 => 'Mozilla/5.0 (Windows NT 10.0; Win64; x64) AppleWebKit/537.36 (KHTML, like Gecko) Chrome/128.0.0.0 Safari/537.36',
  5 => 'DRym4OlgVXjuZmhNRDKoUevL8Q36zZrkDOc6lWfH',
)  
[2024-09-23 23:56:13] local.INFO: 477.96  
[2024-09-23 23:56:49] local.INFO: select * from `sessions` where `id` = ? limit 1  
[2024-09-23 23:56:49] local.INFO: array (
  0 => 'DRym4OlgVXjuZmhNRDKoUevL8Q36zZrkDOc6lWfH',
)  
[2024-09-23 23:56:49] local.INFO: 1630.23  
[2024-09-23 23:56:50] local.INFO: select * from `tbl_useraccounts` where `id` = ? limit 1  
[2024-09-23 23:56:50] local.INFO: array (
  0 => 1,
)  
[2024-09-23 23:56:50] local.INFO: 443.1  
[2024-09-23 23:56:50] local.INFO: select * from `tbl_tower` where `OwnerID` = ?  
[2024-09-23 23:56:50] local.INFO: array (
  0 => 1,
)  
[2024-09-23 23:56:50] local.INFO: 451  
[2024-09-23 23:56:51] local.INFO: select * from `sensor_data_history` where `towerid` = ?  
[2024-09-23 23:56:51] local.INFO: array (
  0 => 1,
)  
[2024-09-23 23:56:51] local.INFO: 689.46  
[2024-09-23 23:56:52] local.INFO: select count(*) as aggregate from `tbl_tower` where `OwnerID` = ?  
[2024-09-23 23:56:52] local.INFO: array (
  0 => 1,
)  
[2024-09-23 23:56:52] local.INFO: 452.79  
[2024-09-23 23:56:52] local.INFO: select * from `tbl_workeraccounts` where `OwnerID` = ?  
[2024-09-23 23:56:52] local.INFO: array (
  0 => 1,
)  
[2024-09-23 23:56:52] local.INFO: 450.65  
[2024-09-23 23:56:53] local.INFO: select count(*) as aggregate from `tbl_tower` where `OwnerID` = ?  
[2024-09-23 23:56:53] local.INFO: array (
  0 => 1,
)  
[2024-09-23 23:56:53] local.INFO: 447.81  
[2024-09-23 23:56:53] local.INFO: select `id` from `tbl_tower` where `OwnerID` = ? limit 1  
[2024-09-23 23:56:53] local.INFO: array (
  0 => 1,
)  
[2024-09-23 23:56:53] local.INFO: 435.97  
[2024-09-23 23:56:55] local.INFO: select `tbl_tower`.`name` as `tower_name`, `tbl_tower`.`towercode` as `tower_code`, `tbl_towerlogs`.`activity`, `tbl_towerlogs`.`created_at` from `tbl_towerlogs` inner join `tbl_tower` on `tbl_towerlogs`.`ID_tower` = `tbl_tower`.`id` where `tbl_towerlogs`.`ID_tower` = ? order by `tbl_towerlogs`.`created_at` desc  
[2024-09-23 23:56:55] local.INFO: array (
  0 => 1,
)  
[2024-09-23 23:56:55] local.INFO: 1449.74  
[2024-09-23 23:56:55] local.INFO: select * from `tbl_useraccounts` where `id` = ? limit 1  
[2024-09-23 23:56:55] local.INFO: array (
  0 => 1,
)  
[2024-09-23 23:56:55] local.INFO: 451.79  
[2024-09-23 23:56:55] local.INFO: update `sessions` set `payload` = ?, `last_activity` = ?, `user_id` = ?, `ip_address` = ?, `user_agent` = ? where `id` = ?  
[2024-09-23 23:56:55] local.INFO: array (
  0 => 'YTo0OntzOjY6Il90b2tlbiI7czo0MDoicU5zSTBQMmVsZ0taNlJBWDBaV25HNXljUlRqODM1RUR3MWtmbmxvRiI7czo2OiJfZmxhc2giO2E6Mjp7czozOiJvbGQiO2E6MDp7fXM6MzoibmV3IjthOjA6e319czo5OiJfcHJldmlvdXMiO2E6MTp7czozOiJ1cmwiO3M6Mzc6Imh0dHA6Ly8xMjcuMC4wLjE6ODAwMC9Pd25lci9kYXNoYm9hcmQiO31zOjUyOiJsb2dpbl9vd25lcl81OWJhMzZhZGRjMmIyZjk0MDE1ODBmMDE0YzdmNThlYTRlMzA5ODlkIjtpOjE7fQ==',
  1 => 1727107015,
  2 => 1,
  3 => '127.0.0.1',
  4 => 'Mozilla/5.0 (Windows NT 10.0; Win64; x64) AppleWebKit/537.36 (KHTML, like Gecko) Chrome/128.0.0.0 Safari/537.36',
  5 => 'DRym4OlgVXjuZmhNRDKoUevL8Q36zZrkDOc6lWfH',
)  
[2024-09-23 23:56:55] local.INFO: 440.07  
[2024-09-23 23:56:58] local.INFO: select * from `sessions` where `id` = ? limit 1  
[2024-09-23 23:56:58] local.INFO: array (
  0 => 'DRym4OlgVXjuZmhNRDKoUevL8Q36zZrkDOc6lWfH',
)  
[2024-09-23 23:56:58] local.INFO: 1177.89  
[2024-09-23 23:56:58] local.INFO: update `sessions` set `payload` = ?, `last_activity` = ?, `user_id` = ?, `ip_address` = ?, `user_agent` = ? where `id` = ?  
[2024-09-23 23:56:58] local.INFO: array (
  0 => 'YTo0OntzOjY6Il90b2tlbiI7czo0MDoicU5zSTBQMmVsZ0taNlJBWDBaV25HNXljUlRqODM1RUR3MWtmbmxvRiI7czo2OiJfZmxhc2giO2E6Mjp7czozOiJvbGQiO2E6MDp7fXM6MzoibmV3IjthOjA6e319czo5OiJfcHJldmlvdXMiO2E6MTp7czozOiJ1cmwiO3M6NzA6Imh0dHA6Ly8xMjcuMC4wLjE6ODAwMC9jc3MvJTdCJTdCJTIwYXNzZXQoJTIyaW1hZ2VzL2JnLnBuZyUyMiklMjAlN0QlN0QiO31zOjUyOiJsb2dpbl9vd25lcl81OWJhMzZhZGRjMmIyZjk0MDE1ODBmMDE0YzdmNThlYTRlMzA5ODlkIjtpOjE7fQ==',
  1 => 1727107018,
  2 => NULL,
  3 => '127.0.0.1',
  4 => 'Mozilla/5.0 (Windows NT 10.0; Win64; x64) AppleWebKit/537.36 (KHTML, like Gecko) Chrome/128.0.0.0 Safari/537.36',
  5 => 'DRym4OlgVXjuZmhNRDKoUevL8Q36zZrkDOc6lWfH',
)  
[2024-09-23 23:56:58] local.INFO: 447.19  
[2024-09-23 23:57:00] local.INFO: select * from `sessions` where `id` = ? limit 1  
[2024-09-23 23:57:00] local.INFO: array (
  0 => 'DRym4OlgVXjuZmhNRDKoUevL8Q36zZrkDOc6lWfH',
)  
[2024-09-23 23:57:00] local.INFO: 1168.09  
[2024-09-23 23:57:01] local.INFO: delete from `sessions` where `last_activity` <= ?  
[2024-09-23 23:57:01] local.INFO: array (
  0 => 1727099820,
)  
[2024-09-23 23:57:01] local.INFO: 461.78  
[2024-09-23 23:57:01] local.INFO: update `sessions` set `payload` = ?, `last_activity` = ?, `user_id` = ?, `ip_address` = ?, `user_agent` = ? where `id` = ?  
[2024-09-23 23:57:01] local.INFO: array (
  0 => 'YTo0OntzOjY6Il90b2tlbiI7czo0MDoicU5zSTBQMmVsZ0taNlJBWDBaV25HNXljUlRqODM1RUR3MWtmbmxvRiI7czo2OiJfZmxhc2giO2E6Mjp7czozOiJvbGQiO2E6MDp7fXM6MzoibmV3IjthOjA6e319czo5OiJfcHJldmlvdXMiO2E6MTp7czozOiJ1cmwiO3M6MjE6Imh0dHA6Ly8xMjcuMC4wLjE6ODAwMCI7fXM6NTI6ImxvZ2luX293bmVyXzU5YmEzNmFkZGMyYjJmOTQwMTU4MGYwMTRjN2Y1OGVhNGUzMDk4OWQiO2k6MTt9',
  1 => 1727107021,
  2 => NULL,
  3 => '127.0.0.1',
  4 => 'Mozilla/5.0 (Windows NT 10.0; Win64; x64) AppleWebKit/537.36 (KHTML, like Gecko) Chrome/128.0.0.0 Safari/537.36',
  5 => 'DRym4OlgVXjuZmhNRDKoUevL8Q36zZrkDOc6lWfH',
)  
[2024-09-23 23:57:01] local.INFO: 447.43  
[2024-09-23 23:57:17] local.INFO: select * from `sessions` where `id` = ? limit 1  
[2024-09-23 23:57:17] local.INFO: array (
  0 => 'DRym4OlgVXjuZmhNRDKoUevL8Q36zZrkDOc6lWfH',
)  
[2024-09-23 23:57:17] local.INFO: 1159.63  
[2024-09-23 23:57:18] local.INFO: select * from `tbl_useraccounts` where `id` = ? limit 1  
[2024-09-23 23:57:18] local.INFO: array (
  0 => 1,
)  
[2024-09-23 23:57:18] local.INFO: 460.53  
[2024-09-23 23:57:18] local.INFO: select * from `tbl_tower` where `OwnerID` = ?  
[2024-09-23 23:57:18] local.INFO: array (
  0 => 1,
)  
[2024-09-23 23:57:18] local.INFO: 458.08  
[2024-09-23 23:57:19] local.INFO: select * from `sensor_data_history` where `towerid` = ?  
[2024-09-23 23:57:19] local.INFO: array (
  0 => 1,
)  
[2024-09-23 23:57:19] local.INFO: 470.16  
[2024-09-23 23:57:20] local.INFO: select count(*) as aggregate from `tbl_tower` where `OwnerID` = ?  
[2024-09-23 23:57:20] local.INFO: array (
  0 => 1,
)  
[2024-09-23 23:57:20] local.INFO: 468.95  
[2024-09-23 23:57:20] local.INFO: select * from `tbl_workeraccounts` where `OwnerID` = ?  
[2024-09-23 23:57:20] local.INFO: array (
  0 => 1,
)  
[2024-09-23 23:57:20] local.INFO: 461.16  
[2024-09-23 23:57:20] local.INFO: select count(*) as aggregate from `tbl_tower` where `OwnerID` = ?  
[2024-09-23 23:57:20] local.INFO: array (
  0 => 1,
)  
[2024-09-23 23:57:20] local.INFO: 437.86  
[2024-09-23 23:57:21] local.INFO: select `id` from `tbl_tower` where `OwnerID` = ? limit 1  
[2024-09-23 23:57:21] local.INFO: array (
  0 => 1,
)  
[2024-09-23 23:57:21] local.INFO: 433.62  
[2024-09-23 23:57:22] local.INFO: select `tbl_tower`.`name` as `tower_name`, `tbl_tower`.`towercode` as `tower_code`, `tbl_towerlogs`.`activity`, `tbl_towerlogs`.`created_at` from `tbl_towerlogs` inner join `tbl_tower` on `tbl_towerlogs`.`ID_tower` = `tbl_tower`.`id` where `tbl_towerlogs`.`ID_tower` = ? order by `tbl_towerlogs`.`created_at` desc  
[2024-09-23 23:57:22] local.INFO: array (
  0 => 1,
)  
[2024-09-23 23:57:22] local.INFO: 1216.88  
[2024-09-23 23:57:23] local.INFO: select * from `tbl_useraccounts` where `id` = ? limit 1  
[2024-09-23 23:57:23] local.INFO: array (
  0 => 1,
)  
[2024-09-23 23:57:23] local.INFO: 473.41  
[2024-09-23 23:57:23] local.INFO: update `sessions` set `payload` = ?, `last_activity` = ?, `user_id` = ?, `ip_address` = ?, `user_agent` = ? where `id` = ?  
[2024-09-23 23:57:23] local.INFO: array (
  0 => 'YTo0OntzOjY6Il90b2tlbiI7czo0MDoicU5zSTBQMmVsZ0taNlJBWDBaV25HNXljUlRqODM1RUR3MWtmbmxvRiI7czo2OiJfZmxhc2giO2E6Mjp7czozOiJvbGQiO2E6MDp7fXM6MzoibmV3IjthOjA6e319czo5OiJfcHJldmlvdXMiO2E6MTp7czozOiJ1cmwiO3M6Mzc6Imh0dHA6Ly8xMjcuMC4wLjE6ODAwMC9Pd25lci9kYXNoYm9hcmQiO31zOjUyOiJsb2dpbl9vd25lcl81OWJhMzZhZGRjMmIyZjk0MDE1ODBmMDE0YzdmNThlYTRlMzA5ODlkIjtpOjE7fQ==',
  1 => 1727107043,
  2 => 1,
  3 => '127.0.0.1',
  4 => 'Mozilla/5.0 (Windows NT 10.0; Win64; x64) AppleWebKit/537.36 (KHTML, like Gecko) Chrome/128.0.0.0 Safari/537.36',
  5 => 'DRym4OlgVXjuZmhNRDKoUevL8Q36zZrkDOc6lWfH',
)  
[2024-09-23 23:57:23] local.INFO: 450.71  
[2024-09-23 23:57:25] local.INFO: select * from `sessions` where `id` = ? limit 1  
[2024-09-23 23:57:25] local.INFO: array (
  0 => 'DRym4OlgVXjuZmhNRDKoUevL8Q36zZrkDOc6lWfH',
)  
[2024-09-23 23:57:25] local.INFO: 1162.49  
[2024-09-23 23:57:26] local.INFO: update `sessions` set `payload` = ?, `last_activity` = ?, `user_id` = ?, `ip_address` = ?, `user_agent` = ? where `id` = ?  
[2024-09-23 23:57:26] local.INFO: array (
  0 => 'YTo0OntzOjY6Il90b2tlbiI7czo0MDoicU5zSTBQMmVsZ0taNlJBWDBaV25HNXljUlRqODM1RUR3MWtmbmxvRiI7czo2OiJfZmxhc2giO2E6Mjp7czozOiJvbGQiO2E6MDp7fXM6MzoibmV3IjthOjA6e319czo5OiJfcHJldmlvdXMiO2E6MTp7czozOiJ1cmwiO3M6NzA6Imh0dHA6Ly8xMjcuMC4wLjE6ODAwMC9jc3MvJTdCJTdCJTIwYXNzZXQoJTIyaW1hZ2VzL2JnLnBuZyUyMiklMjAlN0QlN0QiO31zOjUyOiJsb2dpbl9vd25lcl81OWJhMzZhZGRjMmIyZjk0MDE1ODBmMDE0YzdmNThlYTRlMzA5ODlkIjtpOjE7fQ==',
  1 => 1727107045,
  2 => NULL,
  3 => '127.0.0.1',
  4 => 'Mozilla/5.0 (Windows NT 10.0; Win64; x64) AppleWebKit/537.36 (KHTML, like Gecko) Chrome/128.0.0.0 Safari/537.36',
  5 => 'DRym4OlgVXjuZmhNRDKoUevL8Q36zZrkDOc6lWfH',
)  
[2024-09-23 23:57:26] local.INFO: 452.44  
[2024-09-23 23:57:27] local.INFO: select * from `sessions` where `id` = ? limit 1  
[2024-09-23 23:57:27] local.INFO: array (
  0 => 'DRym4OlgVXjuZmhNRDKoUevL8Q36zZrkDOc6lWfH',
)  
[2024-09-23 23:57:27] local.INFO: 1139.09  
[2024-09-23 23:57:28] local.INFO: update `sessions` set `payload` = ?, `last_activity` = ?, `user_id` = ?, `ip_address` = ?, `user_agent` = ? where `id` = ?  
[2024-09-23 23:57:28] local.INFO: array (
  0 => 'YTo0OntzOjY6Il90b2tlbiI7czo0MDoicU5zSTBQMmVsZ0taNlJBWDBaV25HNXljUlRqODM1RUR3MWtmbmxvRiI7czo2OiJfZmxhc2giO2E6Mjp7czozOiJvbGQiO2E6MDp7fXM6MzoibmV3IjthOjA6e319czo5OiJfcHJldmlvdXMiO2E6MTp7czozOiJ1cmwiO3M6MjE6Imh0dHA6Ly8xMjcuMC4wLjE6ODAwMCI7fXM6NTI6ImxvZ2luX293bmVyXzU5YmEzNmFkZGMyYjJmOTQwMTU4MGYwMTRjN2Y1OGVhNGUzMDk4OWQiO2k6MTt9',
  1 => 1727107047,
  2 => NULL,
  3 => '127.0.0.1',
  4 => 'Mozilla/5.0 (Windows NT 10.0; Win64; x64) AppleWebKit/537.36 (KHTML, like Gecko) Chrome/128.0.0.0 Safari/537.36',
  5 => 'DRym4OlgVXjuZmhNRDKoUevL8Q36zZrkDOc6lWfH',
)  
[2024-09-23 23:57:28] local.INFO: 448.88  
[2024-09-23 23:57:54] local.INFO: select * from `sessions` where `id` = ? limit 1  
[2024-09-23 23:57:54] local.INFO: array (
  0 => 'DRym4OlgVXjuZmhNRDKoUevL8Q36zZrkDOc6lWfH',
)  
[2024-09-23 23:57:54] local.INFO: 1636.31  
[2024-09-23 23:57:54] local.INFO: select * from `tbl_useraccounts` where `id` = ? limit 1  
[2024-09-23 23:57:54] local.INFO: array (
  0 => 1,
)  
[2024-09-23 23:57:54] local.INFO: 454.28  
[2024-09-23 23:57:55] local.INFO: select * from `tbl_tower` where `OwnerID` = ?  
[2024-09-23 23:57:55] local.INFO: array (
  0 => 1,
)  
[2024-09-23 23:57:55] local.INFO: 444.18  
[2024-09-23 23:57:55] local.INFO: select * from `sensor_data_history` where `towerid` = ?  
[2024-09-23 23:57:55] local.INFO: array (
  0 => 1,
)  
[2024-09-23 23:57:55] local.INFO: 686.47  
[2024-09-23 23:57:56] local.INFO: select count(*) as aggregate from `tbl_tower` where `OwnerID` = ?  
[2024-09-23 23:57:56] local.INFO: array (
  0 => 1,
)  
[2024-09-23 23:57:56] local.INFO: 441.49  
[2024-09-23 23:57:57] local.INFO: select * from `tbl_workeraccounts` where `OwnerID` = ?  
[2024-09-23 23:57:57] local.INFO: array (
  0 => 1,
)  
[2024-09-23 23:57:57] local.INFO: 442.25  
[2024-09-23 23:57:57] local.INFO: select count(*) as aggregate from `tbl_tower` where `OwnerID` = ?  
[2024-09-23 23:57:57] local.INFO: array (
  0 => 1,
)  
[2024-09-23 23:57:57] local.INFO: 457.57  
[2024-09-23 23:57:58] local.INFO: select `id` from `tbl_tower` where `OwnerID` = ? limit 1  
[2024-09-23 23:57:58] local.INFO: array (
  0 => 1,
)  
[2024-09-23 23:57:58] local.INFO: 447.83  
[2024-09-23 23:57:59] local.INFO: select `tbl_tower`.`name` as `tower_name`, `tbl_tower`.`towercode` as `tower_code`, `tbl_towerlogs`.`activity`, `tbl_towerlogs`.`created_at` from `tbl_towerlogs` inner join `tbl_tower` on `tbl_towerlogs`.`ID_tower` = `tbl_tower`.`id` where `tbl_towerlogs`.`ID_tower` = ? order by `tbl_towerlogs`.`created_at` desc  
[2024-09-23 23:57:59] local.INFO: array (
  0 => 1,
)  
[2024-09-23 23:57:59] local.INFO: 1639.52  
[2024-09-23 23:58:00] local.INFO: select * from `tbl_useraccounts` where `id` = ? limit 1  
[2024-09-23 23:58:00] local.INFO: array (
  0 => 1,
)  
[2024-09-23 23:58:00] local.INFO: 442.46  
[2024-09-23 23:58:00] local.INFO: update `sessions` set `payload` = ?, `last_activity` = ?, `user_id` = ?, `ip_address` = ?, `user_agent` = ? where `id` = ?  
[2024-09-23 23:58:00] local.INFO: array (
  0 => 'YTo0OntzOjY6Il90b2tlbiI7czo0MDoicU5zSTBQMmVsZ0taNlJBWDBaV25HNXljUlRqODM1RUR3MWtmbmxvRiI7czo2OiJfZmxhc2giO2E6Mjp7czozOiJvbGQiO2E6MDp7fXM6MzoibmV3IjthOjA6e319czo5OiJfcHJldmlvdXMiO2E6MTp7czozOiJ1cmwiO3M6Mzc6Imh0dHA6Ly8xMjcuMC4wLjE6ODAwMC9Pd25lci9kYXNoYm9hcmQiO31zOjUyOiJsb2dpbl9vd25lcl81OWJhMzZhZGRjMmIyZjk0MDE1ODBmMDE0YzdmNThlYTRlMzA5ODlkIjtpOjE7fQ==',
  1 => 1727107080,
  2 => 1,
  3 => '127.0.0.1',
  4 => 'Mozilla/5.0 (Windows NT 10.0; Win64; x64) AppleWebKit/537.36 (KHTML, like Gecko) Chrome/128.0.0.0 Safari/537.36',
  5 => 'DRym4OlgVXjuZmhNRDKoUevL8Q36zZrkDOc6lWfH',
)  
[2024-09-23 23:58:00] local.INFO: 446.57  
[2024-09-23 23:58:02] local.INFO: select * from `sessions` where `id` = ? limit 1  
[2024-09-23 23:58:02] local.INFO: array (
  0 => 'DRym4OlgVXjuZmhNRDKoUevL8Q36zZrkDOc6lWfH',
)  
[2024-09-23 23:58:02] local.INFO: 1121.37  
[2024-09-23 23:58:03] local.INFO: update `sessions` set `payload` = ?, `last_activity` = ?, `user_id` = ?, `ip_address` = ?, `user_agent` = ? where `id` = ?  
[2024-09-23 23:58:03] local.INFO: array (
  0 => 'YTo0OntzOjY6Il90b2tlbiI7czo0MDoicU5zSTBQMmVsZ0taNlJBWDBaV25HNXljUlRqODM1RUR3MWtmbmxvRiI7czo2OiJfZmxhc2giO2E6Mjp7czozOiJvbGQiO2E6MDp7fXM6MzoibmV3IjthOjA6e319czo5OiJfcHJldmlvdXMiO2E6MTp7czozOiJ1cmwiO3M6NzA6Imh0dHA6Ly8xMjcuMC4wLjE6ODAwMC9jc3MvJTdCJTdCJTIwYXNzZXQoJTIyaW1hZ2VzL2JnLnBuZyUyMiklMjAlN0QlN0QiO31zOjUyOiJsb2dpbl9vd25lcl81OWJhMzZhZGRjMmIyZjk0MDE1ODBmMDE0YzdmNThlYTRlMzA5ODlkIjtpOjE7fQ==',
  1 => 1727107082,
  2 => NULL,
  3 => '127.0.0.1',
  4 => 'Mozilla/5.0 (Windows NT 10.0; Win64; x64) AppleWebKit/537.36 (KHTML, like Gecko) Chrome/128.0.0.0 Safari/537.36',
  5 => 'DRym4OlgVXjuZmhNRDKoUevL8Q36zZrkDOc6lWfH',
)  
[2024-09-23 23:58:03] local.INFO: 462.55  
[2024-09-23 23:58:05] local.INFO: select * from `sessions` where `id` = ? limit 1  
[2024-09-23 23:58:05] local.INFO: array (
  0 => 'DRym4OlgVXjuZmhNRDKoUevL8Q36zZrkDOc6lWfH',
)  
[2024-09-23 23:58:05] local.INFO: 1155.69  
[2024-09-23 23:58:05] local.INFO: update `sessions` set `payload` = ?, `last_activity` = ?, `user_id` = ?, `ip_address` = ?, `user_agent` = ? where `id` = ?  
[2024-09-23 23:58:05] local.INFO: array (
  0 => 'YTo0OntzOjY6Il90b2tlbiI7czo0MDoicU5zSTBQMmVsZ0taNlJBWDBaV25HNXljUlRqODM1RUR3MWtmbmxvRiI7czo2OiJfZmxhc2giO2E6Mjp7czozOiJvbGQiO2E6MDp7fXM6MzoibmV3IjthOjA6e319czo5OiJfcHJldmlvdXMiO2E6MTp7czozOiJ1cmwiO3M6MjE6Imh0dHA6Ly8xMjcuMC4wLjE6ODAwMCI7fXM6NTI6ImxvZ2luX293bmVyXzU5YmEzNmFkZGMyYjJmOTQwMTU4MGYwMTRjN2Y1OGVhNGUzMDk4OWQiO2k6MTt9',
  1 => 1727107085,
  2 => NULL,
  3 => '127.0.0.1',
  4 => 'Mozilla/5.0 (Windows NT 10.0; Win64; x64) AppleWebKit/537.36 (KHTML, like Gecko) Chrome/128.0.0.0 Safari/537.36',
  5 => 'DRym4OlgVXjuZmhNRDKoUevL8Q36zZrkDOc6lWfH',
)  
[2024-09-23 23:58:05] local.INFO: 443.73  
